Device availiable: cuda:0
Train_val dataset loaded
Training model
---------------------------------

Hyperparameters:
model name: bert-large-uncased
Number of epochs: 1
number of classes: 2
max length: 64
batch size: 32
learning rate: 1e-05
Loading data.....
Model initialised!
dev size: 1089
Train data loaded!
Start training...

 Epoch  |  Batch  |  Train Loss  |  Val Loss  |  Val Acc  |  Elapsed
----------------------------------------------------------------------
   1    |   20    |   0.550284   |     -      |     -     |   21.94
   1    |   40    |   0.434987   |     -      |     -     |   20.66
   1    |   60    |   0.318313   |     -      |     -     |   20.90
   1    |   80    |   0.294718   |     -      |     -     |   21.19
   1    |   100   |   0.255175   |     -      |     -     |   21.38
   1    |   120   |   0.224759   |     -      |     -     |   21.54
   1    |   136   |   0.262894   |     -      |     -     |   16.48
model_accuracy:0.8590126291618829
model_precision:0.5810451727192205
model_auc:0.8450733604022391
model_f1score:0.6812045690550362
sensitivity:0.823086574654956
specificity:0.8670601461495222
----------------------------------------------------------------------
model_accuracy:0.9201101928374655
model_precision:0.8385964912280702
model_auc:0.8983555535935017
model_f1score:0.8460176991150442
sensitivity:0.8535714285714285
specificity:0.9431396786155748
   1    |    -    |   0.338112   |  0.220559  |   92.23   |  156.51
----------------------------------------------------------------------


Total Training Time:
00:02:036.51
Training complete!
Saving model ...