Device availiable: cuda:0
Train_val dataset loaded
Training model
---------------------------------

Hyperparameters:
model name: bert-base-uncased
Number of epochs: 1
number of classes: 2
max length: 64
batch size: 32
learning rate: 1e-05
Loading data.....
Model initialised!
dev size: 1089
Train data loaded!
Start training...

 Epoch  |  Batch  |  Train Loss  |  Val Loss  |  Val Acc  |  Elapsed
----------------------------------------------------------------------
   1    |   20    |   0.625088   |     -      |     -     |   6.92
   1    |   40    |   0.529769   |     -      |     -     |   6.06
   1    |   60    |   0.451434   |     -      |     -     |   6.10
   1    |   80    |   0.398925   |     -      |     -     |   6.14
   1    |   100   |   0.325792   |     -      |     -     |   6.12
   1    |   120   |   0.294531   |     -      |     -     |   6.16
   1    |   136   |   0.304025   |     -      |     -     |   4.72
model_accuracy:0.8022962112514351
model_precision:0.4065544729849424
model_auc:0.7626585695006747
model_f1score:0.5160202360876898
sensitivity:0.7061538461538461
specificity:0.8191632928475033
----------------------------------------------------------------------
model_accuracy:0.8907254361799817
model_precision:0.8035087719298246
model_auc:0.8569915436310822
model_f1score:0.7937608318890814
sensitivity:0.7842465753424658
specificity:0.9297365119196989
   1    |    -    |   0.423360   |  0.295694  |   89.38   |   45.81
----------------------------------------------------------------------


Total Training Time:
00:00:045.81
Training complete!
Saving model ...