Device availiable: cpu
Train_val dataset loaded
Training model
---------------------------------

Hyperparameters:
model name: distilbert-base-uncased
Number of epochs: 1
number of classes: 2
max length: 64
batch size: 32
learning rate: 1e-05

Loading data.....
Model initialised!

Test size: 545
Test data loaded!

 Current folds cross validation: 0

Train size: 4899
Train data loaded!

Val size: 2450
Val data loaded!
Start training...

 Epoch  |  Batch  |  Train Loss  |  Val Loss  |  Val Acc  |  Elapsed 
----------------------------------------------------------------------
   1    |   20    |   0.584252   |     -      |     -     |   39.17  
   1    |   40    |   0.561952   |     -      |     -     |   31.92  
   1    |   60    |   0.507143   |     -      |     -     |   35.33  
   1    |   76    |   0.537151   |     -      |     -     |   23.40  
Training metrics

model_accuracy: 0.74
model_precision: 0.01
model_auc: 0.50
model_f1score: 0.01
sensitivity: 0.27
specificity: 0.74
----------------------------------------------------------------------
Validation metrics

model_accuracy: 0.74
model_precision: 0.00
model_auc: nan
model_f1score: 0.00
sensitivity: nan
specificity: 0.74

 Epoch  |  Batch  | Avg Train Loss |  Val Loss  |  Val Acc  |  Elapsed 
   1    |    -    |   0.548644   |  0.486130  |   74.41   |  167.77  
----------------------------------------------------------------------


Current training time:
00:02:047.77
Training complete!

 Current folds cross validation: 1

Train size: 4899
Train data loaded!

Val size: 2449
Val data loaded!
Start training...

 Epoch  |  Batch  |  Train Loss  |  Val Loss  |  Val Acc  |  Elapsed 
----------------------------------------------------------------------
   1    |   20    |   0.427603   |     -      |     -     |   35.57  
   1    |   40    |   0.364249   |     -      |     -     |   34.29  
   1    |   60    |   0.334722   |     -      |     -     |   29.61  
   1    |   76    |   0.333321   |     -      |     -     |   27.95  
Training metrics

model_accuracy: 0.84
model_precision: 0.49
model_auc: 0.83
model_f1score: 0.61
sensitivity: 0.81
specificity: 0.84
----------------------------------------------------------------------
Validation metrics

model_accuracy: 0.88
model_precision: 0.70
model_auc: 0.85
model_f1score: 0.75
sensitivity: 0.80
specificity: 0.90

 Epoch  |  Batch  | Avg Train Loss |  Val Loss  |  Val Acc  |  Elapsed 
   1    |    -    |   0.367431   |  0.305488  |   87.87   |  159.01  
----------------------------------------------------------------------


Current training time:
00:02:039.01
Training complete!

Testing (Holdout) metrics
model_accuracy: 0.86
model_precision: 0.71
model_auc: 0.83
model_f1score: 0.73
sensitivity: 0.76
specificity: 0.89
Total Training Time:
00:05:026.78
Saving model ...
