Device availiable: cuda:0
Train_val dataset loaded
Training model
---------------------------------

Hyperparameters:
model name: roberta-base
Number of epochs: 1
number of classes: 2
max length: 64
batch size: 32
learning rate: 1e-05

Loading data.....
Model initialised!

Test size: 545
Test data loaded!

 Current folds cross validation: 0

Train size: 4899
Train data loaded!

Val size: 980
Val data loaded!
Start training...

 Epoch  |  Batch  |  Train Loss  |  Val Loss  |  Val Acc  |  Elapsed 
----------------------------------------------------------------------
   1    |   20    |   0.637681   |     -      |     -     |   6.89   
   1    |   40    |   0.524576   |     -      |     -     |   6.12   
   1    |   60    |   0.436712   |     -      |     -     |   6.14   
   1    |   80    |   0.365831   |     -      |     -     |   6.17   
   1    |   100   |   0.303162   |     -      |     -     |   6.17   
   1    |   120   |   0.298030   |     -      |     -     |   6.19   
   1    |   122   |   0.378642   |     -      |     -     |   0.48   
Training metrics

model_accuracy: 0.77
model_precision: 0.25
model_auc: 0.73
model_f1score: 0.37
sensitivity: 0.67
specificity: 0.78
----------------------------------------------------------------------
Validation metrics

model_accuracy: 0.89
model_precision: 0.75
model_auc: 0.87
model_f1score: 0.78
sensitivity: 0.81
specificity: 0.92

 Epoch  |  Batch  | Avg Train Loss |  Val Loss  |  Val Acc  |  Elapsed 
   1    |    -    |   0.428576   |  0.292377  |   89.40   |   41.23  
----------------------------------------------------------------------


Current training time:
00:00:041.23

 Current folds cross validation: 1

Train size: 4899
Train data loaded!

Val size: 980
Val data loaded!
Start training...

 Epoch  |  Batch  |  Train Loss  |  Val Loss  |  Val Acc  |  Elapsed 
----------------------------------------------------------------------
   1    |   20    |   0.219648   |     -      |     -     |   6.50   
   1    |   40    |   0.206696   |     -      |     -     |   6.24   
   1    |   60    |   0.231742   |     -      |     -     |   6.25   
   1    |   80    |   0.179073   |     -      |     -     |   6.28   
   1    |   100   |   0.242770   |     -      |     -     |   6.30   
   1    |   120   |   0.200741   |     -      |     -     |   6.30   
   1    |   122   |   0.114675   |     -      |     -     |   0.49   
Training metrics

model_accuracy: 0.91
model_precision: 0.85
model_auc: 0.88
model_f1score: 0.83
sensitivity: 0.82
specificity: 0.95
----------------------------------------------------------------------
Validation metrics

model_accuracy: 0.94
model_precision: 0.84
model_auc: 0.93
model_f1score: 0.88
sensitivity: 0.92
specificity: 0.94

 Epoch  |  Batch  | Avg Train Loss |  Val Loss  |  Val Acc  |  Elapsed 
   1    |    -    |   0.211889   |  0.176854  |   93.65   |   41.62  
----------------------------------------------------------------------


Current training time:
00:00:041.62

 Current folds cross validation: 2

Train size: 4899
Train data loaded!

Val size: 980
Val data loaded!
Start training...

 Epoch  |  Batch  |  Train Loss  |  Val Loss  |  Val Acc  |  Elapsed 
----------------------------------------------------------------------
   1    |   20    |   0.187256   |     -      |     -     |   6.61   
   1    |   40    |   0.215224   |     -      |     -     |   6.34   
   1    |   60    |   0.217741   |     -      |     -     |   6.36   
   1    |   80    |   0.159302   |     -      |     -     |   6.37   
   1    |   100   |   0.170534   |     -      |     -     |   6.40   
   1    |   120   |   0.167644   |     -      |     -     |   6.42   
   1    |   122   |   0.110960   |     -      |     -     |   0.50   
Training metrics

model_accuracy: 0.93
model_precision: 0.86
model_auc: 0.91
model_f1score: 0.87
sensitivity: 0.88
specificity: 0.95
----------------------------------------------------------------------
Validation metrics

model_accuracy: 0.96
model_precision: 0.94
model_auc: 0.94
model_f1score: 0.92
sensitivity: 0.90
specificity: 0.98

 Epoch  |  Batch  | Avg Train Loss |  Val Loss  |  Val Acc  |  Elapsed 
   1    |    -    |   0.185067   |  0.116552  |   96.07   |   42.22  
----------------------------------------------------------------------


Current training time:
00:00:042.22

 Current folds cross validation: 3

Train size: 4899
Train data loaded!

Val size: 980
Val data loaded!
Start training...

 Epoch  |  Batch  |  Train Loss  |  Val Loss  |  Val Acc  |  Elapsed 
----------------------------------------------------------------------
   1    |   20    |   0.159830   |     -      |     -     |   6.76   
   1    |   40    |   0.140140   |     -      |     -     |   6.49   
   1    |   60    |   0.147354   |     -      |     -     |   6.52   
   1    |   80    |   0.194612   |     -      |     -     |   6.56   
   1    |   100   |   0.143586   |     -      |     -     |   6.58   
   1    |   120   |   0.123139   |     -      |     -     |   6.60   
   1    |   122   |   0.165943   |     -      |     -     |   0.51   
Training metrics

model_accuracy: 0.95
model_precision: 0.89
model_auc: 0.93
model_f1score: 0.90
sensitivity: 0.90
specificity: 0.96
----------------------------------------------------------------------
Validation metrics

model_accuracy: 0.95
model_precision: 0.91
model_auc: 0.94
model_f1score: 0.91
sensitivity: 0.91
specificity: 0.97

 Epoch  |  Batch  | Avg Train Loss |  Val Loss  |  Val Acc  |  Elapsed 
   1    |    -    |   0.151747   |  0.129680  |   95.46   |   43.34  
----------------------------------------------------------------------


Current training time:
00:00:043.34

 Current folds cross validation: 4

Train size: 4899
Train data loaded!

Val size: 979
Val data loaded!
Start training...

 Epoch  |  Batch  |  Train Loss  |  Val Loss  |  Val Acc  |  Elapsed 
----------------------------------------------------------------------
   1    |   20    |   0.131706   |     -      |     -     |   6.99   
   1    |   40    |   0.112016   |     -      |     -     |   6.69   
   1    |   60    |   0.204635   |     -      |     -     |   6.72   
   1    |   80    |   0.143764   |     -      |     -     |   6.76   
   1    |   100   |   0.143959   |     -      |     -     |   6.78   
   1    |   120   |   0.101884   |     -      |     -     |   6.80   
   1    |   122   |   0.016345   |     -      |     -     |   0.53   
Training metrics

model_accuracy: 0.95
model_precision: 0.88
model_auc: 0.94
model_f1score: 0.91
sensitivity: 0.93
specificity: 0.96
----------------------------------------------------------------------
Validation metrics

model_accuracy: 0.97
model_precision: 0.95
model_auc: 0.97
model_f1score: 0.95
sensitivity: 0.95
specificity: 0.98

 Epoch  |  Batch  | Avg Train Loss |  Val Loss  |  Val Acc  |  Elapsed 
   1    |    -    |   0.137591   |  0.074990  |   97.31   |   44.75  
----------------------------------------------------------------------


Current training time:
00:00:044.75

Testing (Holdout) metrics
model_accuracy: 0.95
model_precision: 0.90
model_auc: 0.93
model_f1score: 0.90
sensitivity: 0.90
specificity: 0.96
Total Training Time:
00:03:033.17
Saving model ...
